0 info it worked if it ends with ok
1 verbose cli [ 'C:\\Program Files\\nodejs\\\\node.exe',
1 verbose cli   'C:\\Program Files\\nodejs\\node_modules\\npm\\bin\\npm-cli.js',
1 verbose cli   'publish' ]
2 info using npm@2.7.4
3 info using node@v0.12.2
4 verbose node symlink C:\Program Files\nodejs\\node.exe
5 verbose publish [ '.' ]
6 silly cache add args [ '.', null ]
7 verbose cache add spec .
8 silly cache add parsed spec { raw: '.',
8 silly cache add   scope: null,
8 silly cache add   name: null,
8 silly cache add   rawSpec: '.',
8 silly cache add   spec: 'C:\\Users\\msmith104\\Documents\\GitHub\\validate-bootstrap.jquery',
8 silly cache add   type: 'directory' }
9 verbose addLocalDirectory C:\Users\msmith104\AppData\Roaming\npm-cache\validate-bootstrap.jquery\0.10.0\package.tgz not in flight; packing
10 verbose tar pack [ 'C:\\Users\\msmith104\\AppData\\Roaming\\npm-cache\\validate-bootstrap.jquery\\0.10.0\\package.tgz',
10 verbose tar pack   'C:\\Users\\msmith104\\Documents\\GitHub\\validate-bootstrap.jquery' ]
11 verbose tarball C:\Users\msmith104\AppData\Roaming\npm-cache\validate-bootstrap.jquery\0.10.0\package.tgz
12 verbose folder C:\Users\msmith104\Documents\GitHub\validate-bootstrap.jquery
13 info prepublish validate-bootstrap.jquery@0.10.0
14 verbose addLocalTarball adding from inside cache C:\Users\msmith104\AppData\Roaming\npm-cache\validate-bootstrap.jquery\0.10.0\package.tgz
15 silly cache afterAdd validate-bootstrap.jquery@0.10.0
16 verbose afterAdd C:\Users\msmith104\AppData\Roaming\npm-cache\validate-bootstrap.jquery\0.10.0\package\package.json not in flight; writing
17 verbose afterAdd C:\Users\msmith104\AppData\Roaming\npm-cache\validate-bootstrap.jquery\0.10.0\package\package.json written
18 silly publish { name: 'validate-bootstrap.jquery',
18 silly publish   version: '0.10.0',
18 silly publish   description: 'Bootstrap form validation jQuery plugin.',
18 silly publish   main: 'validate-bootstrap.jquery.js',
18 silly publish   scripts: { test: 'echo "Error: no test specified" && exit 1' },
18 silly publish   repository:
18 silly publish    { type: 'git',
18 silly publish      url: 'https://github.com/psalmody/validate-bootstrap.jquery' },
18 silly publish   keywords:
18 silly publish    [ 'jQuery',
18 silly publish      'plugin',
18 silly publish      'Bootstrap',
18 silly publish      'jquery-plugin',
18 silly publish      'ecosystem:jquery' ],
18 silly publish   author: { name: 'Michael A Smith @psalmody' },
18 silly publish   license: 'MIT License',
18 silly publish   bugs: { url: 'https://github.com/psalmody/validate-bootstrap.jquery/issues' },
18 silly publish   homepage: 'https://github.com/psalmody/validate-bootstrap.jquery',
18 silly publish   dependencies:
18 silly publish    { Bootstrap: 'http://getbootstrap.com',
18 silly publish      jQuery: 'https://jquery.com' },
18 silly publish   readme: '# validate-bootstrap.jquery\r\n\r\n## Validation Plugin for Bootstrap 3 and jQuery\r\n\r\njQuery plugin for Bootstrap to validate form\r\n\r\nv 0.10.0 (beta)\r\n\r\nwritten by Michael A Smith\r\nMay 12 2015\r\n\r\n## Requires:\r\n* [Bootstrap 3](http://getbootstrap.com/) (tested with 3.3.4)\r\n* [jQuery](https://jquery.com/) (tested with 1.11.1)\r\n\r\n## Features\r\n* Validates input[type=text,checkbox,radio,email (regex for format),number], select and textarea\r\n* Follows HTML5 required, min attribute.\r\n* Defines error messages through data- attributes\r\n* Uses native Bootstrap 3 styling for displaying errors messages\r\n\r\n## Usage\r\n\r\nInitiate the validator with\r\n```javascript\r\n$(\'form\').validator({options});\r\n```\r\nOnce initiated, will add `$.fn.valid()` plugin for use on form controls.\r\n\r\nDefault options:\r\n\r\n```javascript\r\n{\r\n    alert: \'The form has some invalid fields. Please review.\',\r\n    checkbox: true,\r\n    dataErrorMsg:\'error-msg\',\r\n    defaultMsg:\'Required.\',\r\n    formGroupErrorClass:\'has-error\',\r\n    helpBlockClass:\'help-block with-errors\',\r\n    radio: true,\r\n    validateSelecters:\'input[type="text"],input[type="email"],input[type="number"],select,textarea\',\r\n    validHandlers: {},\r\n    validOnBlur: true,\r\n    validOnKeyUp: false,\r\n    validRadioCheckOnClick: true\r\n}\r\n```\r\n\r\n* alert: false or string. The message to alert() user when `.validator(\'check\')`\r\n* checkbox: validate checkboxes, true/false\r\n* dataErrorMsg: data-* attribute to specify error message. data-error-msg by default\r\n* defaultMsg: default error message\r\n* formGroupErrorClass: error class to assign to form-group\r\n* helpBlockClass: classes to assign to help-block\r\n* radio: validate radio buttons, true/false\r\n* validateSelecters: jQuery selecters for inputs to validate (not radio, checkbox. use radio and checkbox options)\r\n* validHandlers: custom error handler functions. see section on errorHandlers below\r\n* validOnBlur: validate form-control onBlur, true/false\r\n* validOnKeyUp: validate form-control onKeyUp, true/false\r\n* validRadioCheckOnClick: validate radio / checkboxes when clicked\r\n\r\n## Basic Example\r\n\r\n```javascript\r\n//initiate validator\r\n$(\'form\').validator();\r\n\r\n//check valid before submitting\r\n$(\'form\').submit(function(e) {\r\n    e.preventDefault();\r\n\r\n\r\n    if ($(\'form\').validator(\'check\') < 1) {\r\n        ...process submit...\r\n    }\r\n})\r\n```\r\n\r\n## HTML Markup, Radio & Checkboxes\r\n\r\n*Form element must contain `novalidate` property.*\r\n\r\nTo make HTML element required, add the required attribute:\r\n\r\n```html\r\n<input type="text" id="name" required>\r\n```\r\n\r\nAdd `data-error-msg="custom error message"` or `min="3"` if desired.\r\n\r\nTo make a radio or checkbox group required:\r\n\r\n1. Assign `name` attribute properly to all items in the group.\r\n2. Add `required` and `data-error-msg` attributes to first radio or checkbox in group.\r\n3. Message will be appended to parent form-group of first item.\r\n\r\n##Custom Valid Handler\r\n\r\nCustom valid handlers may be added by adding a function object to the `validHandlers`\r\nsetting. The function object should be identified by a jQuery selecter and will then\r\nbe applied to all inputs matching that selecter.\r\n\r\nReturn `true` if valid. Before returning true/false, formatting\r\ncould be done on the input value.\r\n\r\nFor example, with:\r\n\r\n```html\r\n<input type=\'text\' class=\'customhandler form-control\'>\r\n```\r\n\r\nCreate a custom handler which changes the value to upper-case text and\r\nchecks to see if it equals "JQUERY".\r\n\r\n```javascript\r\n$("form").validator({\r\n    validHandlers: {\r\n        \'.customhandler\':function(input) {\r\n            //may do some formatting before validating\r\n            input.val(input.val().toUpperCase());\r\n            //return true if valid\r\n            return input.val() === \'JQUERY\' ? true : false;\r\n        }\r\n    }\r\n});\r\n```\r\n\r\n## Handling select2 and Bootstrap\r\n\r\nIn my experience, [select2](https://select2.github.io/) and [Bootstrap](http://getbootstrap.com/) don\'t play super well together.\r\nEven with [select2-bootstrap-css](https://fk.github.io/select2-bootstrap-css/) there are still visibility issues.\r\n\r\nA couple of hacks are required to make select2 and bootstrap work with this plugin.\r\n\r\n* Make sure to include select2-boostrap-css in your project.\r\n* Add the following styles to highlight the select2 input with errors:\r\n```css\r\n.form-group.has-error .select2-selection {\r\n    border-color:#a94442;\r\n}\r\n```\r\n* Add the following binding on select change event:\r\n```javascript\r\n$(\'select\').on(\'change\',function() {\r\n    $(this).valid();\r\n})\r\n```\r\n',
18 silly publish   readmeFilename: 'README.md',
18 silly publish   gitHead: '9ba72ad538f76d6a323d67cc8a6b4cbf4a513a65',
18 silly publish   _id: 'validate-bootstrap.jquery@0.10.0',
18 silly publish   _shasum: 'a482f8cfcfbcbf74f2adfe46831d8cbfd7e6c646',
18 silly publish   _from: '.' }
19 silly mapToRegistry name validate-bootstrap.jquery
20 silly mapToRegistry using default registry
21 silly mapToRegistry registry https://registry.npmjs.org/
22 silly mapToRegistry uri https://registry.npmjs.org/validate-bootstrap.jquery
23 verbose publish registryBase https://registry.npmjs.org/
24 silly publish uploading C:\Users\msmith104\AppData\Roaming\npm-cache\validate-bootstrap.jquery\0.10.0\package.tgz
25 verbose request uri https://registry.npmjs.org/validate-bootstrap.jquery
26 verbose request sending authorization for write operation
27 info attempt registry request try #1 at 11:58:06 AM
28 verbose request using bearer token for auth
29 verbose request id 7b91be25fa71153d
30 http request PUT https://registry.npmjs.org/validate-bootstrap.jquery
31 http 403 https://registry.npmjs.org/validate-bootstrap.jquery
32 verbose headers { 'content-type': 'application/json',
32 verbose headers   'cache-control': 'max-age=60',
32 verbose headers   'content-length': '96',
32 verbose headers   'accept-ranges': 'bytes',
32 verbose headers   date: 'Thu, 18 Jun 2015 19:57:44 GMT',
32 verbose headers   via: '1.1 varnish',
32 verbose headers   connection: 'keep-alive',
32 verbose headers   'x-served-by': 'cache-lax1422-LAX',
32 verbose headers   'x-cache': 'MISS',
32 verbose headers   'x-cache-hits': '0',
32 verbose headers   'x-timer': 'S1434657464.246495,VS0,VE315' }
33 verbose request invalidating C:\Users\msmith104\AppData\Roaming\npm-cache\registry.npmjs.org\validate-bootstrap.jquery on PUT
34 error publish Failed PUT 403
35 verbose stack Error: "You cannot publish over the previously published version 0.10.0." : validate-bootstrap.jquery
35 verbose stack     at CachingRegistryClient.<anonymous> (C:\Program Files\nodejs\node_modules\npm\node_modules\npm-registry-client\lib\request.js:247:14)
35 verbose stack     at Request._callback (C:\Program Files\nodejs\node_modules\npm\node_modules\npm-registry-client\lib\request.js:170:14)
35 verbose stack     at Request.self.callback (C:\Program Files\nodejs\node_modules\npm\node_modules\request\request.js:344:22)
35 verbose stack     at Request.emit (events.js:110:17)
35 verbose stack     at Request.<anonymous> (C:\Program Files\nodejs\node_modules\npm\node_modules\request\request.js:1239:14)
35 verbose stack     at Request.emit (events.js:129:20)
35 verbose stack     at IncomingMessage.<anonymous> (C:\Program Files\nodejs\node_modules\npm\node_modules\request\request.js:1187:12)
35 verbose stack     at IncomingMessage.emit (events.js:129:20)
35 verbose stack     at _stream_readable.js:908:16
35 verbose stack     at process._tickCallback (node.js:355:11)
36 verbose statusCode 403
37 verbose pkgid validate-bootstrap.jquery
38 verbose cwd C:\Users\msmith104\Documents\GitHub\validate-bootstrap.jquery
39 error Windows_NT 6.1.7601
40 error argv "C:\\Program Files\\nodejs\\\\node.exe" "C:\\Program Files\\nodejs\\node_modules\\npm\\bin\\npm-cli.js" "publish"
41 error node v0.12.2
42 error npm  v2.7.4
43 error code E403
44 error "You cannot publish over the previously published version 0.10.0." : validate-bootstrap.jquery
45 error If you need help, you may report this error at:
45 error     <https://github.com/npm/npm/issues>
46 verbose exit [ 1, true ]
